app - get - 31 - Getting the top 20 rows of AIRLINE
app - get - 20 - Getting head of data
app - get - 31 - Getting the top 20 rows of AIRLINE
app - get - 20 - Getting head of data
app - get - 20 - Getting head of data
app - get - 20 - Getting head of data
app - get - 20 - Getting head of data
app - get - 20 - Getting head of data
app - get - 20 - Getting head of data
app - get - 20 - Getting head of data
app - get - 31 - Getting the top 20 rows of AIRLINE
app - get - 42 - Getting all the data for AA
app - get - 42 - Getting all the data for AA
app - post - 55 - Changing airline code for AA to ?????
app - post - 55 - Changing airline code for AA to ?????
app - post - 55 - Changing airline code for AA to ?????
app - post - 55 - Changing airline code for AA to ?????
app - post - 55 - Changing airline code for AA to ?????
app - post - 55 - Changing airline code for AA to ?????
app - post - 55 - Changing airline code for AA to ?????
app - post - 55 - Changing airline code for AA to ?????
app - get - 42 - Getting all the data for BB
app - get - 42 - Getting all the data for AA
app - get - 42 - Getting all the data for AA
app - post - 55 - Changing airline code for AA to ?????
app - get - 42 - Getting all the data for AA
app - get - 42 - Getting all the data for BB
app - post - 55 - Changing airline code for AA to ?????
app - post - 56 - None
app - post - 55 - Changing airline code for AA to ?????
app - post - 56 - None
app - get - 42 - Getting all the data for AA
app - post - 55 - Changing airline code for AA to ?????
app - post - 56 - None
app - get - 42 - Getting all the data for AA
app - post - 55 - Changing airline code for AA to ?????
app - post - 56 - BB
app - post - 55 - Changing airline code for AA to ?????
app - post - 56 - BB
app - get - 42 - Getting all the data for AA
app - get - 42 - Getting all the data for AA
app - get - 42 - Getting all the data for AA
app - get - 42 - Getting all the data for AA
app - get - 31 - Getting the top 20 rows of AIRLINE
app - get - 20 - Getting head of data
app - get - 20 - Getting head of data
app - post - 55 - Changing airline code for AA to ?????
app - post - 56 - BB
app - post - 55 - Changing airline code for AA to BB
app - post - 55 - Changing airline code for AA to BB
app - post - 55 - Changing airline code for AA to BB
